<?xml version="1.0" encoding="UTF-8"?>
<!-- Generated by org.testng.reporters.JUnitReportReporter -->
<testsuite hostname="ASIT" failures="0" tests="1" name="com.provider.TestCases.UserLogin" time="11.134" errors="0" timestamp="2023-10-22T07:17:15 GMT-04:00" skipped="0">
  <testcase classname="com.provider.TestCases.UserLogin" name="NewUserLogin" time="11.134"/>
  <system-out/>
</testsuite> <!-- com.provider.TestCases.UserLogin -->
