<?xml version="1.0" encoding="UTF-8"?>
<!-- Generated by org.testng.reporters.JUnitReportReporter -->
<testsuite hostname="ASIT" failures="0" tests="1" name="com.provider.TestCases.NewUserRegistration" time="23.621" errors="0" timestamp="2023-10-22T05:03:26 GMT-04:00" skipped="0">
  <testcase classname="com.provider.TestCases.NewUserRegistration" name="verifyRegistration" time="23.621"/>
  <system-out/>
</testsuite> <!-- com.provider.TestCases.NewUserRegistration -->
